2025-05-05 00:18:06 [main] INFO  c.m.d.t.t.k.s.TwitterToKafkaServiceApplication - Starting TwitterToKafkaServiceApplication using Java 17.0.12 with PID 41249 (/Users/manitkumarpanda/Documents/mkp/microservices-demo/twitter-to-kafka-service/target/classes started by manitkumarpanda in /Users/manitkumarpanda/Documents/mkp/microservices-demo)
2025-05-05 00:18:06 [main] INFO  c.m.d.t.t.k.s.TwitterToKafkaServiceApplication - No active profile set, falling back to 1 default profile: "default"
2025-05-05 00:18:06 [main] INFO  c.m.d.t.t.k.s.TwitterToKafkaServiceApplication - Started TwitterToKafkaServiceApplication in 0.518 seconds (process running for 0.841)
2025-05-05 00:18:06 [main] INFO  c.m.d.t.t.k.s.TwitterToKafkaServiceApplication - App starts...
2025-05-05 00:18:06 [main] INFO  c.m.d.t.t.k.s.TwitterToKafkaServiceApplication - [Java, Microservices, Spring, Kafka, Elasticsearch]
2025-05-05 09:39:33 [main] INFO  c.m.d.t.t.k.s.TwitterToKafkaServiceApplication - Starting TwitterToKafkaServiceApplication using Java 17.0.12 with PID 43790 (/Users/manitkumarpanda/Documents/mkp/microservices-demo/twitter-to-kafka-service/target/classes started by manitkumarpanda in /Users/manitkumarpanda/Documents/mkp/microservices-demo)
2025-05-05 09:39:33 [main] INFO  c.m.d.t.t.k.s.TwitterToKafkaServiceApplication - No active profile set, falling back to 1 default profile: "default"
2025-05-05 09:39:34 [main] INFO  c.m.d.t.t.k.s.TwitterToKafkaServiceApplication - Started TwitterToKafkaServiceApplication in 0.597 seconds (process running for 1.329)
2025-05-05 09:39:34 [main] INFO  c.m.d.t.t.k.s.TwitterToKafkaServiceApplication - App starts...
2025-05-05 09:39:34 [main] INFO  c.m.d.t.t.k.s.TwitterToKafkaServiceApplication - [Java, Microservices, Spring, Kafka, Elasticsearch]
2025-05-05 09:40:46 [main] INFO  c.m.d.t.t.k.s.TwitterToKafkaServiceApplication - Starting TwitterToKafkaServiceApplication using Java 17.0.12 with PID 43802 (/Users/manitkumarpanda/Documents/mkp/microservices-demo/twitter-to-kafka-service/target/classes started by manitkumarpanda in /Users/manitkumarpanda/Documents/mkp/microservices-demo)
2025-05-05 09:40:46 [main] INFO  c.m.d.t.t.k.s.TwitterToKafkaServiceApplication - No active profile set, falling back to 1 default profile: "default"
2025-05-05 09:40:46 [main] INFO  c.m.d.t.t.k.s.TwitterToKafkaServiceApplication - Started TwitterToKafkaServiceApplication in 0.587 seconds (process running for 1.011)
2025-05-05 09:40:46 [main] INFO  c.m.d.t.t.k.s.TwitterToKafkaServiceApplication - App starts...
2025-05-05 09:40:46 [main] INFO  c.m.d.t.t.k.s.TwitterToKafkaServiceApplication - [Java, Microservices, Spring, Kafka, Elasticsearch]
2025-05-05 09:40:46 [main] INFO  c.m.d.t.t.k.s.r.i.MockKafkaStreamRunner - Starting mock filtering twitter streams for keywords: [Java, Microservices, Spring, Kafka, Elasticsearch]
2025-05-05 09:40:46 [pool-2-thread-1] INFO  c.m.d.t.t.k.s.l.TwitterKafkaStatusListener - Twitter status with text dolore Sed quis labore Kafka exercitation ipsum
2025-05-05 09:40:57 [pool-2-thread-1] INFO  c.m.d.t.t.k.s.l.TwitterKafkaStatusListener - Twitter status with text aliqua quis adipiscing tempor labore incididunt aliqua Microservices Ut magna elit magna exercitation
2025-05-05 09:41:07 [pool-2-thread-1] INFO  c.m.d.t.t.k.s.l.TwitterKafkaStatusListener - Twitter status with text dolore ad et ad minim et eiusmod aliqua Java Lorem amet Sed exercitation magna minim
2025-05-05 09:41:17 [pool-2-thread-1] INFO  c.m.d.t.t.k.s.l.TwitterKafkaStatusListener - Twitter status with text veniam dolore aliqua eiusmod quis adipiscing Kafka incididunt incididunt nostrud Lorem
2025-05-05 09:41:27 [pool-2-thread-1] INFO  c.m.d.t.t.k.s.l.TwitterKafkaStatusListener - Twitter status with text labore et minim Lorem labore et tempor Kafka dolore enim dolore quis quis
2025-05-05 09:41:37 [pool-2-thread-1] INFO  c.m.d.t.t.k.s.l.TwitterKafkaStatusListener - Twitter status with text ad et dolor Microservices sit enim
2025-05-05 09:41:47 [pool-2-thread-1] INFO  c.m.d.t.t.k.s.l.TwitterKafkaStatusListener - Twitter status with text et consectetur amet ipsum consectetur eiusmod adipiscing aliqua Kafka Sed dolore quis Sed tempor nostrud
2025-05-05 09:41:57 [pool-2-thread-1] INFO  c.m.d.t.t.k.s.l.TwitterKafkaStatusListener - Twitter status with text quis dolore minim dolore minim Java exercitation enim tempor ut
2025-05-05 09:42:07 [pool-2-thread-1] INFO  c.m.d.t.t.k.s.l.TwitterKafkaStatusListener - Twitter status with text elit tempor consectetur minim do Ut Elasticsearch dolore labore ipsum consectetur enim
2025-05-05 09:42:17 [pool-2-thread-1] INFO  c.m.d.t.t.k.s.l.TwitterKafkaStatusListener - Twitter status with text amet et Lorem exercitation exercitation do veniam Java Sed enim tempor veniam quis
2025-05-05 09:42:27 [pool-2-thread-1] INFO  c.m.d.t.t.k.s.l.TwitterKafkaStatusListener - Twitter status with text eiusmod ipsum veniam amet tempor Java Sed Ut dolor consectetur
2025-05-05 09:42:37 [pool-2-thread-1] INFO  c.m.d.t.t.k.s.l.TwitterKafkaStatusListener - Twitter status with text ad Lorem dolore sit aliqua dolore tempor Spring dolore do adipiscing labore minim exercitation
2025-05-05 09:42:47 [pool-2-thread-1] INFO  c.m.d.t.t.k.s.l.TwitterKafkaStatusListener - Twitter status with text elit Lorem Sed amet ad Microservices aliqua ut Sed Ut
2025-05-05 09:42:57 [pool-2-thread-1] INFO  c.m.d.t.t.k.s.l.TwitterKafkaStatusListener - Twitter status with text tempor magna Sed tempor et ad Microservices enim minim aliqua aliqua exercitation
2025-05-05 09:43:07 [pool-2-thread-1] INFO  c.m.d.t.t.k.s.l.TwitterKafkaStatusListener - Twitter status with text exercitation eiusmod exercitation minim consectetur nostrud et Microservices elit adipiscing eiusmod consectetur elit
2025-05-05 09:43:17 [pool-2-thread-1] INFO  c.m.d.t.t.k.s.l.TwitterKafkaStatusListener - Twitter status with text eiusmod incididunt eiusmod dolore Ut et nostrud Microservices amet ipsum et ipsum quis
2025-05-05 09:43:27 [pool-2-thread-1] INFO  c.m.d.t.t.k.s.l.TwitterKafkaStatusListener - Twitter status with text dolore adipiscing aliqua magna ad do quis Spring amet Sed enim Lorem incididunt
2025-05-05 09:43:37 [pool-2-thread-1] INFO  c.m.d.t.t.k.s.l.TwitterKafkaStatusListener - Twitter status with text quis quis labore Lorem magna ut Kafka dolore do consectetur Sed
2025-05-05 09:43:47 [pool-2-thread-1] INFO  c.m.d.t.t.k.s.l.TwitterKafkaStatusListener - Twitter status with text nostrud labore minim quis Sed labore Elasticsearch quis ut dolor elit
2025-05-05 09:43:57 [pool-2-thread-1] INFO  c.m.d.t.t.k.s.l.TwitterKafkaStatusListener - Twitter status with text exercitation veniam ipsum nostrud aliqua eiusmod Elasticsearch Ut tempor sit minim
2025-05-05 09:44:07 [pool-2-thread-1] INFO  c.m.d.t.t.k.s.l.TwitterKafkaStatusListener - Twitter status with text et elit incididunt incididunt Spring enim dolor
2025-05-05 09:44:17 [pool-2-thread-1] INFO  c.m.d.t.t.k.s.l.TwitterKafkaStatusListener - Twitter status with text consectetur et dolor exercitation Elasticsearch tempor incididunt Lorem
2025-05-05 09:44:27 [pool-2-thread-1] INFO  c.m.d.t.t.k.s.l.TwitterKafkaStatusListener - Twitter status with text Sed magna Ut Sed Java minim quis ad
2025-05-05 09:44:37 [pool-2-thread-1] INFO  c.m.d.t.t.k.s.l.TwitterKafkaStatusListener - Twitter status with text Sed enim sit amet ut Ut quis Elasticsearch do dolor nostrud labore ad
2025-05-05 09:44:47 [pool-2-thread-1] INFO  c.m.d.t.t.k.s.l.TwitterKafkaStatusListener - Twitter status with text Sed quis tempor consectetur Ut Elasticsearch sit nostrud adipiscing minim
2025-05-05 10:21:05 [pool-2-thread-1] INFO  c.m.d.t.t.k.s.l.TwitterKafkaStatusListener - Twitter status with text ipsum tempor dolor ad quis incididunt dolor Kafka dolor magna tempor nostrud tempor
2025-05-05 10:21:15 [pool-2-thread-1] INFO  c.m.d.t.t.k.s.l.TwitterKafkaStatusListener - Twitter status with text sit amet aliqua enim tempor Spring enim eiusmod ad
2025-05-05 10:21:25 [pool-2-thread-1] INFO  c.m.d.t.t.k.s.l.TwitterKafkaStatusListener - Twitter status with text veniam amet do Java consectetur enim
2025-05-05 10:21:35 [pool-2-thread-1] INFO  c.m.d.t.t.k.s.l.TwitterKafkaStatusListener - Twitter status with text minim elit amet ut exercitation enim Microservices labore dolor quis exercitation
2025-05-05 10:21:45 [pool-2-thread-1] INFO  c.m.d.t.t.k.s.l.TwitterKafkaStatusListener - Twitter status with text adipiscing eiusmod nostrud quis nostrud Spring dolor adipiscing veniam
2025-05-05 10:21:55 [pool-2-thread-1] INFO  c.m.d.t.t.k.s.l.TwitterKafkaStatusListener - Twitter status with text dolor veniam veniam adipiscing eiusmod nostrud Microservices nostrud magna minim Ut
2025-05-05 10:22:05 [pool-2-thread-1] INFO  c.m.d.t.t.k.s.l.TwitterKafkaStatusListener - Twitter status with text Lorem ipsum Ut ad Spring veniam dolore
2025-05-05 10:22:15 [pool-2-thread-1] INFO  c.m.d.t.t.k.s.l.TwitterKafkaStatusListener - Twitter status with text aliqua ut veniam incididunt sit Spring sit amet veniam
2025-05-05 10:22:25 [pool-2-thread-1] INFO  c.m.d.t.t.k.s.l.TwitterKafkaStatusListener - Twitter status with text magna enim labore Lorem dolore Elasticsearch quis elit enim
2025-05-05 10:22:35 [pool-2-thread-1] INFO  c.m.d.t.t.k.s.l.TwitterKafkaStatusListener - Twitter status with text elit dolor labore Lorem dolore tempor Sed exercitation Microservices minim ipsum ipsum minim ipsum Sed
2025-05-05 10:22:45 [pool-2-thread-1] INFO  c.m.d.t.t.k.s.l.TwitterKafkaStatusListener - Twitter status with text minim tempor veniam magna Sed Microservices enim magna labore et
2025-05-05 10:22:55 [pool-2-thread-1] INFO  c.m.d.t.t.k.s.l.TwitterKafkaStatusListener - Twitter status with text et et veniam veniam Java labore tempor
2025-05-05 10:23:05 [pool-2-thread-1] INFO  c.m.d.t.t.k.s.l.TwitterKafkaStatusListener - Twitter status with text eiusmod do dolor aliqua Java Lorem elit aliqua
2025-05-05 10:23:15 [pool-2-thread-1] INFO  c.m.d.t.t.k.s.l.TwitterKafkaStatusListener - Twitter status with text Ut tempor sit magna Lorem Ut Kafka veniam elit eiusmod labore exercitation
2025-05-05 10:23:25 [pool-2-thread-1] INFO  c.m.d.t.t.k.s.l.TwitterKafkaStatusListener - Twitter status with text labore labore et sit adipiscing enim adipiscing amet Spring ipsum tempor ipsum consectetur enim exercitation
2025-05-05 10:23:35 [pool-2-thread-1] INFO  c.m.d.t.t.k.s.l.TwitterKafkaStatusListener - Twitter status with text exercitation consectetur do incididunt do Java eiusmod dolor dolor
2025-05-05 10:23:45 [pool-2-thread-1] INFO  c.m.d.t.t.k.s.l.TwitterKafkaStatusListener - Twitter status with text ipsum labore ut et ut eiusmod Ut magna Kafka et consectetur sit incididunt ad dolor consectetur
2025-05-05 10:23:55 [pool-2-thread-1] INFO  c.m.d.t.t.k.s.l.TwitterKafkaStatusListener - Twitter status with text eiusmod eiusmod exercitation et Elasticsearch Lorem quis
2025-05-05 10:24:05 [pool-2-thread-1] INFO  c.m.d.t.t.k.s.l.TwitterKafkaStatusListener - Twitter status with text ut sit adipiscing tempor Java Ut labore
2025-05-05 10:24:15 [pool-2-thread-1] INFO  c.m.d.t.t.k.s.l.TwitterKafkaStatusListener - Twitter status with text Ut eiusmod ipsum incididunt nostrud adipiscing Microservices elit tempor ipsum veniam et
2025-05-05 10:24:25 [pool-2-thread-1] INFO  c.m.d.t.t.k.s.l.TwitterKafkaStatusListener - Twitter status with text consectetur ad consectetur exercitation labore elit magna Java Lorem amet sit Ut et
2025-05-05 10:24:35 [pool-2-thread-1] INFO  c.m.d.t.t.k.s.l.TwitterKafkaStatusListener - Twitter status with text veniam Lorem exercitation ut Java nostrud ipsum nostrud
2025-05-05 10:24:45 [pool-2-thread-1] INFO  c.m.d.t.t.k.s.l.TwitterKafkaStatusListener - Twitter status with text sit dolore enim aliqua nostrud ut Java ad et nostrud aliqua enim
2025-05-05 10:24:55 [pool-2-thread-1] INFO  c.m.d.t.t.k.s.l.TwitterKafkaStatusListener - Twitter status with text nostrud minim tempor adipiscing et dolor et Elasticsearch dolore ut tempor dolore dolor consectetur
2025-05-05 10:25:05 [pool-2-thread-1] INFO  c.m.d.t.t.k.s.l.TwitterKafkaStatusListener - Twitter status with text Ut Sed enim quis Microservices minim eiusmod tempor
2025-05-05 10:25:15 [pool-2-thread-1] INFO  c.m.d.t.t.k.s.l.TwitterKafkaStatusListener - Twitter status with text do Sed quis Kafka Sed veniam
2025-05-05 10:25:25 [pool-2-thread-1] INFO  c.m.d.t.t.k.s.l.TwitterKafkaStatusListener - Twitter status with text aliqua minim adipiscing dolore ad do Java dolore incididunt minim incididunt
2025-05-05 10:25:35 [pool-2-thread-1] INFO  c.m.d.t.t.k.s.l.TwitterKafkaStatusListener - Twitter status with text incididunt et ut Java incididunt do
2025-05-05 10:25:45 [pool-2-thread-1] INFO  c.m.d.t.t.k.s.l.TwitterKafkaStatusListener - Twitter status with text dolor enim eiusmod amet Elasticsearch eiusmod ut nostrud
2025-05-05 10:25:55 [pool-2-thread-1] INFO  c.m.d.t.t.k.s.l.TwitterKafkaStatusListener - Twitter status with text minim amet incididunt incididunt et Lorem dolore aliqua Java amet ad adipiscing ipsum adipiscing minim
2025-05-05 10:26:05 [pool-2-thread-1] INFO  c.m.d.t.t.k.s.l.TwitterKafkaStatusListener - Twitter status with text nostrud et exercitation Elasticsearch veniam dolore
2025-05-05 10:26:15 [pool-2-thread-1] INFO  c.m.d.t.t.k.s.l.TwitterKafkaStatusListener - Twitter status with text tempor tempor minim elit enim sit elit ipsum Spring Lorem labore ad eiusmod elit ut
2025-05-05 10:26:25 [pool-2-thread-1] INFO  c.m.d.t.t.k.s.l.TwitterKafkaStatusListener - Twitter status with text exercitation enim amet consectetur Elasticsearch elit ad
2025-05-05 10:26:35 [pool-2-thread-1] INFO  c.m.d.t.t.k.s.l.TwitterKafkaStatusListener - Twitter status with text labore labore Lorem minim aliqua adipiscing incididunt Java Sed Ut adipiscing dolore et
2025-05-05 10:26:45 [pool-2-thread-1] INFO  c.m.d.t.t.k.s.l.TwitterKafkaStatusListener - Twitter status with text sit dolore ut tempor aliqua Kafka minim veniam Lorem
2025-05-05 10:26:55 [pool-2-thread-1] INFO  c.m.d.t.t.k.s.l.TwitterKafkaStatusListener - Twitter status with text consectetur dolore elit incididunt veniam enim Java Ut amet sit incididunt quis
2025-05-05 10:27:05 [pool-2-thread-1] INFO  c.m.d.t.t.k.s.l.TwitterKafkaStatusListener - Twitter status with text adipiscing Lorem ipsum exercitation Spring sit et
2025-05-05 10:27:15 [pool-2-thread-1] INFO  c.m.d.t.t.k.s.l.TwitterKafkaStatusListener - Twitter status with text ipsum dolor dolor eiusmod ipsum veniam incididunt Lorem Microservices adipiscing magna eiusmod ipsum adipiscing ipsum
2025-05-05 10:27:25 [pool-2-thread-1] INFO  c.m.d.t.t.k.s.l.TwitterKafkaStatusListener - Twitter status with text incididunt veniam amet Lorem dolor dolor Kafka tempor minim minim amet do
2025-05-05 10:27:35 [pool-2-thread-1] INFO  c.m.d.t.t.k.s.l.TwitterKafkaStatusListener - Twitter status with text minim magna sit ad aliqua Spring exercitation adipiscing nostrud exercitation
2025-05-05 10:27:45 [pool-2-thread-1] INFO  c.m.d.t.t.k.s.l.TwitterKafkaStatusListener - Twitter status with text dolore magna do ipsum Sed do labore amet Microservices consectetur exercitation dolor dolore magna exercitation
2025-05-05 10:27:55 [pool-2-thread-1] INFO  c.m.d.t.t.k.s.l.TwitterKafkaStatusListener - Twitter status with text minim dolore exercitation amet nostrud Java incididunt tempor quis
2025-05-05 10:28:06 [pool-2-thread-1] INFO  c.m.d.t.t.k.s.l.TwitterKafkaStatusListener - Twitter status with text eiusmod amet nostrud quis consectetur Java veniam enim incididunt
2025-05-05 10:28:16 [pool-2-thread-1] INFO  c.m.d.t.t.k.s.l.TwitterKafkaStatusListener - Twitter status with text dolore dolor Ut minim ut magna Microservices incididunt et et sit
2025-05-05 10:28:26 [pool-2-thread-1] INFO  c.m.d.t.t.k.s.l.TwitterKafkaStatusListener - Twitter status with text elit ut consectetur dolor aliqua minim dolore Java ut labore magna minim aliqua
2025-05-05 10:28:36 [pool-2-thread-1] INFO  c.m.d.t.t.k.s.l.TwitterKafkaStatusListener - Twitter status with text labore ipsum eiusmod tempor Ut eiusmod consectetur Sed Kafka Ut ad tempor magna sit eiusmod dolore
2025-05-05 10:28:46 [pool-2-thread-1] INFO  c.m.d.t.t.k.s.l.TwitterKafkaStatusListener - Twitter status with text minim dolor Lorem Kafka eiusmod veniam
2025-05-05 10:28:56 [pool-2-thread-1] INFO  c.m.d.t.t.k.s.l.TwitterKafkaStatusListener - Twitter status with text labore consectetur labore Elasticsearch Sed adipiscing
2025-05-05 10:29:06 [pool-2-thread-1] INFO  c.m.d.t.t.k.s.l.TwitterKafkaStatusListener - Twitter status with text labore sit Ut incididunt exercitation minim veniam Elasticsearch labore sit magna amet Sed
2025-05-05 10:29:16 [pool-2-thread-1] INFO  c.m.d.t.t.k.s.l.TwitterKafkaStatusListener - Twitter status with text Lorem incididunt et dolor aliqua Lorem Microservices eiusmod veniam exercitation ut eiusmod
2025-05-05 10:29:26 [pool-2-thread-1] INFO  c.m.d.t.t.k.s.l.TwitterKafkaStatusListener - Twitter status with text do labore elit dolor Ut Java tempor ad amet
2025-05-05 10:29:36 [pool-2-thread-1] INFO  c.m.d.t.t.k.s.l.TwitterKafkaStatusListener - Twitter status with text elit eiusmod Sed consectetur Java exercitation aliqua elit
2025-05-05 10:29:46 [pool-2-thread-1] INFO  c.m.d.t.t.k.s.l.TwitterKafkaStatusListener - Twitter status with text elit veniam exercitation exercitation consectetur sit exercitation Ut Spring nostrud enim exercitation et sit nostrud
2025-05-05 10:29:56 [pool-2-thread-1] INFO  c.m.d.t.t.k.s.l.TwitterKafkaStatusListener - Twitter status with text nostrud elit ipsum Spring exercitation minim
2025-05-05 10:30:06 [pool-2-thread-1] INFO  c.m.d.t.t.k.s.l.TwitterKafkaStatusListener - Twitter status with text labore tempor dolore amet veniam aliqua et Java magna et magna adipiscing et
2025-05-05 10:30:16 [pool-2-thread-1] INFO  c.m.d.t.t.k.s.l.TwitterKafkaStatusListener - Twitter status with text aliqua minim dolor tempor eiusmod do ut Elasticsearch do incididunt magna minim sit enim
2025-05-05 10:30:26 [pool-2-thread-1] INFO  c.m.d.t.t.k.s.l.TwitterKafkaStatusListener - Twitter status with text aliqua enim consectetur Elasticsearch dolore enim
2025-05-05 10:30:36 [pool-2-thread-1] INFO  c.m.d.t.t.k.s.l.TwitterKafkaStatusListener - Twitter status with text dolore do ad do veniam elit Java amet Lorem eiusmod elit
2025-05-05 10:30:46 [pool-2-thread-1] INFO  c.m.d.t.t.k.s.l.TwitterKafkaStatusListener - Twitter status with text Sed enim minim ut consectetur ipsum Kafka minim amet adipiscing incididunt minim
2025-05-05 10:30:56 [pool-2-thread-1] INFO  c.m.d.t.t.k.s.l.TwitterKafkaStatusListener - Twitter status with text consectetur consectetur do Kafka ipsum elit
2025-05-05 10:31:06 [pool-2-thread-1] INFO  c.m.d.t.t.k.s.l.TwitterKafkaStatusListener - Twitter status with text do et dolore incididunt do et Spring exercitation eiusmod nostrud ad tempor
2025-05-05 10:31:16 [pool-2-thread-1] INFO  c.m.d.t.t.k.s.l.TwitterKafkaStatusListener - Twitter status with text ad incididunt nostrud minim quis Kafka et Ut Sed
2025-05-05 10:31:26 [pool-2-thread-1] INFO  c.m.d.t.t.k.s.l.TwitterKafkaStatusListener - Twitter status with text veniam tempor incididunt incididunt exercitation nostrud Ut nostrud Elasticsearch Sed dolore enim nostrud Lorem eiusmod
2025-05-05 10:31:36 [pool-2-thread-1] INFO  c.m.d.t.t.k.s.l.TwitterKafkaStatusListener - Twitter status with text dolore et dolore eiusmod eiusmod aliqua Spring amet incididunt eiusmod Lorem adipiscing
2025-05-05 10:31:46 [pool-2-thread-1] INFO  c.m.d.t.t.k.s.l.TwitterKafkaStatusListener - Twitter status with text veniam eiusmod amet do Microservices nostrud ad ipsum
2025-05-05 10:31:56 [pool-2-thread-1] INFO  c.m.d.t.t.k.s.l.TwitterKafkaStatusListener - Twitter status with text tempor sit Sed sit Java Lorem adipiscing
2025-05-05 10:32:06 [pool-2-thread-1] INFO  c.m.d.t.t.k.s.l.TwitterKafkaStatusListener - Twitter status with text Lorem et ad exercitation ad incididunt exercitation Java enim enim elit ut amet consectetur
2025-05-05 10:32:16 [pool-2-thread-1] INFO  c.m.d.t.t.k.s.l.TwitterKafkaStatusListener - Twitter status with text ut exercitation ipsum minim Spring Sed ipsum labore
2025-05-05 12:12:20 [main] INFO  c.m.d.t.t.k.s.TwitterToKafkaServiceApplication - Starting TwitterToKafkaServiceApplication using Java 17.0.12 with PID 45163 (/Users/manitkumarpanda/Documents/mkp/microservices-demo/twitter-to-kafka-service/target/classes started by manitkumarpanda in /Users/manitkumarpanda/Documents/mkp/microservices-demo)
2025-05-05 12:12:20 [main] INFO  c.m.d.t.t.k.s.TwitterToKafkaServiceApplication - No active profile set, falling back to 1 default profile: "default"
2025-05-05 12:12:21 [main] INFO  c.m.d.t.t.k.s.TwitterToKafkaServiceApplication - Started TwitterToKafkaServiceApplication in 0.603 seconds (process running for 0.943)
2025-05-05 12:12:21 [main] INFO  c.m.d.t.t.k.s.TwitterToKafkaServiceApplication - App starts...
2025-05-05 12:12:21 [main] INFO  c.m.d.t.t.k.s.TwitterToKafkaServiceApplication - [Java, Microservices, Spring, Kafka, Elasticsearch]
2025-05-05 12:12:21 [main] INFO  c.m.d.t.t.k.s.r.i.MockKafkaStreamRunner - Starting mock filtering twitter streams for keywords: [Java, Microservices, Spring, Kafka, Elasticsearch]
2025-05-05 12:12:21 [pool-2-thread-1] INFO  c.m.d.t.t.k.s.l.TwitterKafkaStatusListener - Twitter status with text quis et consectetur do Kafka incididunt labore consectetur
2025-05-05 12:12:31 [pool-2-thread-1] INFO  c.m.d.t.t.k.s.l.TwitterKafkaStatusListener - Twitter status with text quis dolore consectetur Elasticsearch enim quis
